<?xml version="1.0" encoding="UTF-8"?>
<testsuite name="graph.BuildOrderKtTest" tests="1" skipped="0" failures="0" errors="0" timestamp="2022-02-08T12:06:49" hostname="LLAMA" time="0.068">
  <properties/>
  <testcase name="cyclic_graph()" classname="graph.BuildOrderKtTest" time="0.068"/>
  <system-out><![CDATA[]]></system-out>
  <system-err><![CDATA[]]></system-err>
</testsuite>
