<?xml version="1.0" encoding="UTF-8"?>
<testsuite name="tree.MinimalTreeKtTest" tests="1" skipped="0" failures="0" errors="0" timestamp="2022-02-07T10:16:00" hostname="LLAMA" time="56.117">
  <properties/>
  <testcase name="large_sorted_list()" classname="tree.MinimalTreeKtTest" time="56.117"/>
  <system-out><![CDATA[]]></system-out>
  <system-err><![CDATA[]]></system-err>
</testsuite>
