<?xml version="1.0" encoding="UTF-8"?>
<testsuite name="graph.RouteBetweenNodesKtTest" tests="1" skipped="0" failures="0" errors="0" timestamp="2022-02-03T13:31:46" hostname="LLAMA" time="0.031">
  <properties/>
  <testcase name="empty_graph()" classname="graph.RouteBetweenNodesKtTest" time="0.031"/>
  <system-out><![CDATA[]]></system-out>
  <system-err><![CDATA[]]></system-err>
</testsuite>
