<?xml version="1.0" encoding="UTF-8"?>
<testsuite name="tree.BstSequencesKtTest" tests="1" skipped="0" failures="0" errors="0" timestamp="2022-02-21T01:50:35" hostname="LLAMA" time="0.045">
  <properties/>
  <testcase name="valid_bst()" classname="tree.BstSequencesKtTest" time="0.045"/>
  <system-out><![CDATA[]]></system-out>
  <system-err><![CDATA[]]></system-err>
</testsuite>
