<?xml version="1.0" encoding="UTF-8"?>
<testsuite name="tree.FirstCommonAncestorKtTest" tests="1" skipped="0" failures="0" errors="0" timestamp="2022-02-09T22:22:42" hostname="LLAMA" time="0.054">
  <properties/>
  <testcase name="ancestor_does_not_exist()" classname="tree.FirstCommonAncestorKtTest" time="0.054"/>
  <system-out><![CDATA[]]></system-out>
  <system-err><![CDATA[]]></system-err>
</testsuite>
