<?xml version="1.0" encoding="UTF-8"?>
<testsuite name="tree.CheckBalancedKtTest" tests="1" skipped="0" failures="0" errors="0" timestamp="2022-02-07T13:25:42" hostname="LLAMA" time="0.033">
  <properties/>
  <testcase name="balanced_tree()" classname="tree.CheckBalancedKtTest" time="0.033"/>
  <system-out><![CDATA[]]></system-out>
  <system-err><![CDATA[]]></system-err>
</testsuite>
