<?xml version="1.0" encoding="UTF-8"?>
<testsuite name="linkedList.IntersectionKtTest" tests="1" skipped="0" failures="0" errors="0" timestamp="2022-01-25T13:21:24" hostname="LLAMA" time="24.156">
  <properties/>
  <testcase name="intersecting_list()" classname="linkedList.IntersectionKtTest" time="24.156"/>
  <system-out><![CDATA[]]></system-out>
  <system-err><![CDATA[]]></system-err>
</testsuite>
