<?xml version="1.0" encoding="UTF-8"?>
<testsuite name="string.StringRotationKtTest" tests="4" skipped="0" failures="0" errors="0" timestamp="2022-01-20T08:36:02" hostname="LLAMA" time="0.042">
  <properties/>
  <testcase name="empty_rotated_string()" classname="string.StringRotationKtTest" time="0.039"/>
  <testcase name="both_empty_string()" classname="string.StringRotationKtTest" time="0.001"/>
  <testcase name="empty_base_string()" classname="string.StringRotationKtTest" time="0.0"/>
  <testcase name="valid_strings()" classname="string.StringRotationKtTest" time="0.001"/>
  <system-out><![CDATA[]]></system-out>
  <system-err><![CDATA[]]></system-err>
</testsuite>
