<?xml version="1.0" encoding="UTF-8"?>
<testsuite name="linkedLists.RemoveDupsKtTest" tests="1" skipped="0" failures="0" errors="0" timestamp="2022-01-20T09:39:44" hostname="LLAMA" time="0.034">
  <properties/>
  <testcase name="invalid_result()" classname="linkedLists.RemoveDupsKtTest" time="0.034"/>
  <system-out><![CDATA[]]></system-out>
  <system-err><![CDATA[]]></system-err>
</testsuite>
