<?xml version="1.0" encoding="UTF-8"?>
<testsuite name="tree.SuccessorKtTest" tests="5" skipped="0" failures="0" errors="0" timestamp="2022-02-07T21:08:25" hostname="LLAMA" time="0.038">
  <properties/>
  <testcase name="right_most_node()" classname="tree.SuccessorKtTest" time="0.033"/>
  <testcase name="non_leaf_node()" classname="tree.SuccessorKtTest" time="0.001"/>
  <testcase name="left_right_most_node()" classname="tree.SuccessorKtTest" time="0.001"/>
  <testcase name="right_left_most_node()" classname="tree.SuccessorKtTest" time="0.001"/>
  <testcase name="left_most_node()" classname="tree.SuccessorKtTest" time="0.0"/>
  <system-out><![CDATA[]]></system-out>
  <system-err><![CDATA[]]></system-err>
</testsuite>
