<?xml version="1.0" encoding="UTF-8"?>
<testsuite name="linkedList.LoopDetectionKtTest" tests="1" skipped="0" failures="0" errors="0" timestamp="2022-01-25T22:30:28" hostname="LLAMA" time="0.033">
  <properties/>
  <testcase name="non_looped_linked_list()" classname="linkedList.LoopDetectionKtTest" time="0.033"/>
  <system-out><![CDATA[]]></system-out>
  <system-err><![CDATA[]]></system-err>
</testsuite>
