<?xml version="1.0" encoding="UTF-8"?>
<testsuite name="stack.SetOfStacksTest" tests="1" skipped="0" failures="0" errors="0" timestamp="2022-02-01T07:18:29" hostname="LLAMA" time="0.042">
  <properties/>
  <testcase name="popAt()" classname="stack.SetOfStacksTest" time="0.042"/>
  <system-out><![CDATA[]]></system-out>
  <system-err><![CDATA[]]></system-err>
</testsuite>
