<?xml version="1.0" encoding="UTF-8"?>
<testsuite name="linkedList.PartitionKtTest" tests="1" skipped="0" failures="0" errors="0" timestamp="2022-01-21T23:08:24" hostname="LLAMA" time="0.033">
  <properties/>
  <testcase name="no_items_greater_than_partition_value()" classname="linkedList.PartitionKtTest" time="0.033"/>
  <system-out><![CDATA[]]></system-out>
  <system-err><![CDATA[]]></system-err>
</testsuite>
