<?xml version="1.0" encoding="UTF-8"?>
<testsuite name="stack.StackMinTest" tests="1" skipped="0" failures="0" errors="0" timestamp="2022-01-27T23:37:54" hostname="LLAMA" time="0.047">
  <properties/>
  <testcase name="min()" classname="stack.StackMinTest" time="0.047"/>
  <system-out><![CDATA[]]></system-out>
  <system-err><![CDATA[]]></system-err>
</testsuite>
