<?xml version="1.0" encoding="UTF-8"?>
<testsuite name="tree.CheckSubtreeKtTest" tests="2" skipped="0" failures="0" errors="0" timestamp="2022-02-21T05:05:33" hostname="LLAMA" time="0.055">
  <properties/>
  <testcase name="valid_case()" classname="tree.CheckSubtreeKtTest" time="0.054"/>
  <testcase name="invalid_case()" classname="tree.CheckSubtreeKtTest" time="0.001"/>
  <system-out><![CDATA[]]></system-out>
  <system-err><![CDATA[]]></system-err>
</testsuite>
